mode: set
github.com/databrickslabs/sandbox/go-libs/env/context.go:13.53,15.22 2 1
github.com/databrickslabs/sandbox/go-libs/env/context.go:15.22,17.3 1 1
github.com/databrickslabs/sandbox/go-libs/env/context.go:18.2,18.12 1 1
github.com/databrickslabs/sandbox/go-libs/env/context.go:21.52,22.16 1 1
github.com/databrickslabs/sandbox/go-libs/env/context.go:22.16,24.3 1 0
github.com/databrickslabs/sandbox/go-libs/env/context.go:25.2,26.9 2 1
github.com/databrickslabs/sandbox/go-libs/env/context.go:26.9,28.3 1 1
github.com/databrickslabs/sandbox/go-libs/env/context.go:29.2,29.10 1 1
github.com/databrickslabs/sandbox/go-libs/env/context.go:32.71,34.2 1 1
github.com/databrickslabs/sandbox/go-libs/env/context.go:38.61,43.8 3 1
github.com/databrickslabs/sandbox/go-libs/env/context.go:43.8,45.3 1 1
github.com/databrickslabs/sandbox/go-libs/env/context.go:48.2,48.26 1 1
github.com/databrickslabs/sandbox/go-libs/env/context.go:53.50,56.2 2 1
github.com/databrickslabs/sandbox/go-libs/env/context.go:62.66,66.2 3 1
github.com/databrickslabs/sandbox/go-libs/env/context.go:68.26,69.31 1 1
github.com/databrickslabs/sandbox/go-libs/env/context.go:69.31,71.3 1 0
github.com/databrickslabs/sandbox/go-libs/env/context.go:72.2,72.15 1 1
github.com/databrickslabs/sandbox/go-libs/env/context.go:75.73,77.2 1 1
github.com/databrickslabs/sandbox/go-libs/env/context.go:82.55,84.16 2 1
github.com/databrickslabs/sandbox/go-libs/env/context.go:84.16,86.3 1 0
github.com/databrickslabs/sandbox/go-libs/env/context.go:87.2,87.18 1 1
github.com/databrickslabs/sandbox/go-libs/env/context.go:92.49,94.36 2 1
github.com/databrickslabs/sandbox/go-libs/env/context.go:94.36,96.22 2 1
github.com/databrickslabs/sandbox/go-libs/env/context.go:96.22,97.12 1 0
github.com/databrickslabs/sandbox/go-libs/env/context.go:99.3,99.25 1 1
github.com/databrickslabs/sandbox/go-libs/env/context.go:102.2,102.32 1 1
github.com/databrickslabs/sandbox/go-libs/env/context.go:102.32,104.3 1 1
github.com/databrickslabs/sandbox/go-libs/env/context.go:105.2,105.10 1 1
github.com/databrickslabs/sandbox/go-libs/env/loader.go:22.57,26.2 1 1
github.com/databrickslabs/sandbox/go-libs/env/loader.go:32.39,34.2 1 1
github.com/databrickslabs/sandbox/go-libs/env/loader.go:36.61,37.44 1 1
github.com/databrickslabs/sandbox/go-libs/env/loader.go:37.44,38.21 1 1
github.com/databrickslabs/sandbox/go-libs/env/loader.go:38.21,39.12 1 1
github.com/databrickslabs/sandbox/go-libs/env/loader.go:41.3,41.31 1 1
github.com/databrickslabs/sandbox/go-libs/env/loader.go:41.31,43.15 2 1
github.com/databrickslabs/sandbox/go-libs/env/loader.go:43.15,44.13 1 1
github.com/databrickslabs/sandbox/go-libs/env/loader.go:46.4,46.17 1 1
github.com/databrickslabs/sandbox/go-libs/env/loader.go:49.2,49.12 1 1
github.com/databrickslabs/sandbox/go-libs/localcache/jsonfile.go:18.83,24.2 1 1
github.com/databrickslabs/sandbox/go-libs/localcache/jsonfile.go:33.89,35.36 2 1
github.com/databrickslabs/sandbox/go-libs/localcache/jsonfile.go:35.36,37.3 1 1
github.com/databrickslabs/sandbox/go-libs/localcache/jsonfile.go:37.8,37.23 1 1
github.com/databrickslabs/sandbox/go-libs/localcache/jsonfile.go:37.23,39.3 1 1
github.com/databrickslabs/sandbox/go-libs/localcache/jsonfile.go:39.8,39.54 1 1
github.com/databrickslabs/sandbox/go-libs/localcache/jsonfile.go:39.54,41.3 1 1
github.com/databrickslabs/sandbox/go-libs/localcache/jsonfile.go:42.2,42.25 1 1
github.com/databrickslabs/sandbox/go-libs/localcache/jsonfile.go:53.111,56.31 3 1
github.com/databrickslabs/sandbox/go-libs/localcache/jsonfile.go:56.31,58.3 1 1
github.com/databrickslabs/sandbox/go-libs/localcache/jsonfile.go:59.2,59.16 1 1
github.com/databrickslabs/sandbox/go-libs/localcache/jsonfile.go:59.16,61.3 1 1
github.com/databrickslabs/sandbox/go-libs/localcache/jsonfile.go:62.2,62.32 1 1
github.com/databrickslabs/sandbox/go-libs/localcache/jsonfile.go:65.76,68.16 3 1
github.com/databrickslabs/sandbox/go-libs/localcache/jsonfile.go:68.16,70.3 1 1
github.com/databrickslabs/sandbox/go-libs/localcache/jsonfile.go:71.2,73.36 3 1
github.com/databrickslabs/sandbox/go-libs/localcache/jsonfile.go:73.36,76.17 3 1
github.com/databrickslabs/sandbox/go-libs/localcache/jsonfile.go:76.17,78.4 1 0
github.com/databrickslabs/sandbox/go-libs/localcache/jsonfile.go:79.3,80.17 2 1
github.com/databrickslabs/sandbox/go-libs/localcache/jsonfile.go:80.17,82.4 1 0
github.com/databrickslabs/sandbox/go-libs/localcache/jsonfile.go:83.3,83.19 1 1
github.com/databrickslabs/sandbox/go-libs/localcache/jsonfile.go:84.8,84.23 1 1
github.com/databrickslabs/sandbox/go-libs/localcache/jsonfile.go:84.23,86.3 1 0
github.com/databrickslabs/sandbox/go-libs/localcache/jsonfile.go:87.2,87.18 1 1
github.com/databrickslabs/sandbox/go-libs/localcache/jsonfile.go:90.43,92.2 1 1
github.com/databrickslabs/sandbox/go-libs/localcache/jsonfile.go:94.57,97.16 3 1
github.com/databrickslabs/sandbox/go-libs/localcache/jsonfile.go:97.16,99.3 1 1
github.com/databrickslabs/sandbox/go-libs/localcache/jsonfile.go:100.2,102.16 3 1
github.com/databrickslabs/sandbox/go-libs/localcache/jsonfile.go:102.16,104.3 1 0
github.com/databrickslabs/sandbox/go-libs/localcache/jsonfile.go:105.2,105.16 1 1
github.com/databrickslabs/sandbox/go-libs/env/context.go:13.53,15.22 2 1
github.com/databrickslabs/sandbox/go-libs/env/context.go:15.22,17.3 1 0
github.com/databrickslabs/sandbox/go-libs/env/context.go:18.2,18.12 1 1
github.com/databrickslabs/sandbox/go-libs/env/context.go:21.52,22.16 1 1
github.com/databrickslabs/sandbox/go-libs/env/context.go:22.16,24.3 1 0
github.com/databrickslabs/sandbox/go-libs/env/context.go:25.2,26.9 2 1
github.com/databrickslabs/sandbox/go-libs/env/context.go:26.9,28.3 1 1
github.com/databrickslabs/sandbox/go-libs/env/context.go:29.2,29.10 1 1
github.com/databrickslabs/sandbox/go-libs/env/context.go:32.71,34.2 1 1
github.com/databrickslabs/sandbox/go-libs/env/context.go:38.61,43.8 3 0
github.com/databrickslabs/sandbox/go-libs/env/context.go:43.8,45.3 1 0
github.com/databrickslabs/sandbox/go-libs/env/context.go:48.2,48.26 1 0
github.com/databrickslabs/sandbox/go-libs/env/context.go:53.50,56.2 2 0
github.com/databrickslabs/sandbox/go-libs/env/context.go:62.66,66.2 3 1
github.com/databrickslabs/sandbox/go-libs/env/context.go:68.26,69.31 1 0
github.com/databrickslabs/sandbox/go-libs/env/context.go:69.31,71.3 1 0
github.com/databrickslabs/sandbox/go-libs/env/context.go:72.2,72.15 1 0
github.com/databrickslabs/sandbox/go-libs/env/context.go:75.73,77.2 1 0
github.com/databrickslabs/sandbox/go-libs/env/context.go:82.55,84.16 2 0
github.com/databrickslabs/sandbox/go-libs/env/context.go:84.16,86.3 1 0
github.com/databrickslabs/sandbox/go-libs/env/context.go:87.2,87.18 1 0
github.com/databrickslabs/sandbox/go-libs/env/context.go:92.49,94.36 2 1
github.com/databrickslabs/sandbox/go-libs/env/context.go:94.36,96.22 2 1
github.com/databrickslabs/sandbox/go-libs/env/context.go:96.22,97.12 1 0
github.com/databrickslabs/sandbox/go-libs/env/context.go:99.3,99.25 1 1
github.com/databrickslabs/sandbox/go-libs/env/context.go:102.2,102.32 1 1
github.com/databrickslabs/sandbox/go-libs/env/context.go:102.32,104.3 1 1
github.com/databrickslabs/sandbox/go-libs/env/context.go:105.2,105.10 1 1
github.com/databrickslabs/sandbox/go-libs/env/loader.go:22.57,26.2 1 0
github.com/databrickslabs/sandbox/go-libs/env/loader.go:32.39,34.2 1 0
github.com/databrickslabs/sandbox/go-libs/env/loader.go:36.61,37.44 1 0
github.com/databrickslabs/sandbox/go-libs/env/loader.go:37.44,38.21 1 0
github.com/databrickslabs/sandbox/go-libs/env/loader.go:38.21,39.12 1 0
github.com/databrickslabs/sandbox/go-libs/env/loader.go:41.3,41.31 1 0
github.com/databrickslabs/sandbox/go-libs/env/loader.go:41.31,43.15 2 0
github.com/databrickslabs/sandbox/go-libs/env/loader.go:43.15,44.13 1 0
github.com/databrickslabs/sandbox/go-libs/env/loader.go:46.4,46.17 1 0
github.com/databrickslabs/sandbox/go-libs/env/loader.go:49.2,49.12 1 0
github.com/databrickslabs/sandbox/go-libs/process/background.go:21.42,23.2 1 1
github.com/databrickslabs/sandbox/go-libs/process/background.go:25.42,27.2 1 1
github.com/databrickslabs/sandbox/go-libs/process/background.go:29.89,41.33 9 1
github.com/databrickslabs/sandbox/go-libs/process/background.go:41.33,43.3 1 1
github.com/databrickslabs/sandbox/go-libs/process/background.go:44.2,44.25 1 1
github.com/databrickslabs/sandbox/go-libs/process/background.go:44.25,46.17 2 1
github.com/databrickslabs/sandbox/go-libs/process/background.go:46.17,48.4 1 1
github.com/databrickslabs/sandbox/go-libs/process/background.go:50.2,50.41 1 1
github.com/databrickslabs/sandbox/go-libs/process/background.go:50.41,57.3 1 1
github.com/databrickslabs/sandbox/go-libs/process/background.go:58.2,58.29 1 1
github.com/databrickslabs/sandbox/go-libs/process/forwarded.go:14.125,25.33 7 1
github.com/databrickslabs/sandbox/go-libs/process/forwarded.go:25.33,27.3 1 1
github.com/databrickslabs/sandbox/go-libs/process/forwarded.go:30.2,30.25 1 1
github.com/databrickslabs/sandbox/go-libs/process/forwarded.go:30.25,32.17 2 1
github.com/databrickslabs/sandbox/go-libs/process/forwarded.go:32.17,34.4 1 0
github.com/databrickslabs/sandbox/go-libs/process/forwarded.go:37.2,37.25 1 1
github.com/databrickslabs/sandbox/go-libs/process/opts.go:13.44,14.54 1 0
github.com/databrickslabs/sandbox/go-libs/process/opts.go:14.54,18.3 3 0
github.com/databrickslabs/sandbox/go-libs/process/opts.go:21.50,22.54 1 0
github.com/databrickslabs/sandbox/go-libs/process/opts.go:22.54,23.26 1 0
github.com/databrickslabs/sandbox/go-libs/process/opts.go:23.26,25.18 2 0
github.com/databrickslabs/sandbox/go-libs/process/opts.go:25.18,27.5 1 0
github.com/databrickslabs/sandbox/go-libs/process/opts.go:29.3,29.13 1 0
github.com/databrickslabs/sandbox/go-libs/process/opts.go:33.37,34.52 1 1
github.com/databrickslabs/sandbox/go-libs/process/opts.go:34.52,37.3 2 1
github.com/databrickslabs/sandbox/go-libs/process/opts.go:40.52,41.52 1 0
github.com/databrickslabs/sandbox/go-libs/process/opts.go:41.52,43.17 2 0
github.com/databrickslabs/sandbox/go-libs/process/opts.go:43.17,45.4 1 0
github.com/databrickslabs/sandbox/go-libs/process/opts.go:46.3,47.13 2 0
github.com/databrickslabs/sandbox/go-libs/process/opts.go:51.55,52.52 1 1
github.com/databrickslabs/sandbox/go-libs/process/opts.go:52.52,56.3 3 1
github.com/databrickslabs/sandbox/go-libs/process/stub.go:14.68,18.2 3 1
github.com/databrickslabs/sandbox/go-libs/process/stub.go:20.55,22.8 2 1
github.com/databrickslabs/sandbox/go-libs/process/stub.go:22.8,24.3 1 1
github.com/databrickslabs/sandbox/go-libs/process/stub.go:25.2,25.18 1 1
github.com/databrickslabs/sandbox/go-libs/process/stub.go:41.62,44.2 2 1
github.com/databrickslabs/sandbox/go-libs/process/stub.go:46.59,49.2 2 1
github.com/databrickslabs/sandbox/go-libs/process/stub.go:51.79,54.2 2 1
github.com/databrickslabs/sandbox/go-libs/process/stub.go:61.71,68.2 2 1
github.com/databrickslabs/sandbox/go-libs/process/stub.go:71.71,78.2 2 0
github.com/databrickslabs/sandbox/go-libs/process/stub.go:81.78,88.2 2 1
github.com/databrickslabs/sandbox/go-libs/process/stub.go:90.39,92.2 1 1
github.com/databrickslabs/sandbox/go-libs/process/stub.go:94.33,96.2 1 1
github.com/databrickslabs/sandbox/go-libs/process/stub.go:98.52,99.28 1 1
github.com/databrickslabs/sandbox/go-libs/process/stub.go:99.28,101.3 1 1
github.com/databrickslabs/sandbox/go-libs/process/stub.go:102.2,102.8 1 1
github.com/databrickslabs/sandbox/go-libs/process/stub.go:106.63,108.30 2 1
github.com/databrickslabs/sandbox/go-libs/process/stub.go:108.30,109.32 1 1
github.com/databrickslabs/sandbox/go-libs/process/stub.go:109.32,111.11 2 1
github.com/databrickslabs/sandbox/go-libs/process/stub.go:111.11,112.13 1 0
github.com/databrickslabs/sandbox/go-libs/process/stub.go:114.4,114.22 1 1
github.com/databrickslabs/sandbox/go-libs/process/stub.go:117.2,117.20 1 1
github.com/databrickslabs/sandbox/go-libs/process/stub.go:121.52,124.2 2 1
github.com/databrickslabs/sandbox/go-libs/process/stub.go:126.51,133.2 3 1
github.com/databrickslabs/sandbox/go-libs/process/stub.go:135.48,138.8 3 1
github.com/databrickslabs/sandbox/go-libs/process/stub.go:138.8,139.24 1 1
github.com/databrickslabs/sandbox/go-libs/process/stub.go:139.24,141.4 1 1
github.com/databrickslabs/sandbox/go-libs/process/stub.go:142.3,142.24 1 1
github.com/databrickslabs/sandbox/go-libs/process/stub.go:142.24,144.4 1 0
github.com/databrickslabs/sandbox/go-libs/process/stub.go:145.3,145.18 1 1
github.com/databrickslabs/sandbox/go-libs/process/stub.go:147.2,147.23 1 1
github.com/databrickslabs/sandbox/go-libs/process/stub.go:147.23,149.3 1 1
github.com/databrickslabs/sandbox/go-libs/process/stub.go:150.2,150.32 1 1
github.com/databrickslabs/sandbox/go-libs/process/stub.go:150.32,152.3 1 1
github.com/databrickslabs/sandbox/go-libs/process/stub.go:153.2,153.26 1 1
github.com/databrickslabs/sandbox/go-libs/fixtures/init.go:23.13,29.2 2 1
github.com/databrickslabs/sandbox/go-libs/fixtures/init.go:32.81,38.2 5 1
github.com/databrickslabs/sandbox/go-libs/fixtures/init.go:41.76,43.46 2 0
github.com/databrickslabs/sandbox/go-libs/fixtures/init.go:43.46,45.3 1 0
github.com/databrickslabs/sandbox/go-libs/fixtures/init.go:46.2,49.62 4 0
github.com/databrickslabs/sandbox/go-libs/fixtures/init.go:53.77,59.16 4 0
github.com/databrickslabs/sandbox/go-libs/fixtures/init.go:59.16,61.3 1 0
github.com/databrickslabs/sandbox/go-libs/fixtures/init.go:62.2,62.28 1 0
github.com/databrickslabs/sandbox/go-libs/fixtures/init.go:62.28,64.3 1 0
github.com/databrickslabs/sandbox/go-libs/fixtures/init.go:65.2,69.30 4 0
github.com/databrickslabs/sandbox/go-libs/fixtures/init.go:73.76,79.16 4 0
github.com/databrickslabs/sandbox/go-libs/fixtures/init.go:79.16,81.3 1 0
github.com/databrickslabs/sandbox/go-libs/fixtures/init.go:82.2,82.28 1 0
github.com/databrickslabs/sandbox/go-libs/fixtures/init.go:82.28,84.3 1 0
github.com/databrickslabs/sandbox/go-libs/fixtures/init.go:85.2,89.30 4 0
github.com/databrickslabs/sandbox/go-libs/fixtures/init.go:93.57,95.17 2 1
github.com/databrickslabs/sandbox/go-libs/fixtures/init.go:95.17,97.3 1 1
github.com/databrickslabs/sandbox/go-libs/fixtures/init.go:98.2,98.14 1 0
github.com/databrickslabs/sandbox/go-libs/fixtures/init.go:101.37,103.16 2 0
github.com/databrickslabs/sandbox/go-libs/fixtures/init.go:103.16,104.54 1 0
github.com/databrickslabs/sandbox/go-libs/fixtures/init.go:106.2,106.10 1 0
github.com/databrickslabs/sandbox/go-libs/fixtures/init.go:110.43,113.2 1 0
github.com/databrickslabs/sandbox/go-libs/fixtures/init.go:116.42,119.19 3 0
github.com/databrickslabs/sandbox/go-libs/fixtures/init.go:119.19,121.3 1 0
github.com/databrickslabs/sandbox/go-libs/fixtures/init.go:122.2,122.21 1 0
github.com/databrickslabs/sandbox/go-libs/fixtures/init.go:122.21,124.3 1 0
github.com/databrickslabs/sandbox/go-libs/fixtures/init.go:125.2,125.18 1 0
github.com/databrickslabs/sandbox/go-libs/fixtures/init.go:128.51,130.19 2 0
github.com/databrickslabs/sandbox/go-libs/fixtures/init.go:130.19,132.3 1 0
github.com/databrickslabs/sandbox/go-libs/fixtures/init.go:133.2,133.21 1 0
github.com/databrickslabs/sandbox/go-libs/fixtures/init.go:133.21,135.3 1 0
github.com/databrickslabs/sandbox/go-libs/fixtures/init.go:136.2,136.18 1 0
github.com/databrickslabs/sandbox/go-libs/fixtures/init.go:139.59,140.17 1 1
github.com/databrickslabs/sandbox/go-libs/fixtures/init.go:140.17,144.3 1 0
github.com/databrickslabs/sandbox/go-libs/fixtures/init.go:145.2,145.16 1 1
github.com/databrickslabs/sandbox/go-libs/fixtures/init.go:149.23,152.2 2 1
github.com/databrickslabs/sandbox/go-libs/fixtures/init.go:155.58,156.18 1 1
github.com/databrickslabs/sandbox/go-libs/fixtures/init.go:156.18,158.3 1 1
github.com/databrickslabs/sandbox/go-libs/fixtures/init.go:159.2,160.16 2 0
github.com/databrickslabs/sandbox/go-libs/fixtures/init.go:160.16,162.3 1 0
github.com/databrickslabs/sandbox/go-libs/fixtures/init.go:163.2,164.16 2 0
github.com/databrickslabs/sandbox/go-libs/fixtures/init.go:164.16,166.3 1 0
github.com/databrickslabs/sandbox/go-libs/fixtures/init.go:167.2,169.16 3 0
github.com/databrickslabs/sandbox/go-libs/fixtures/init.go:169.16,171.3 1 0
github.com/databrickslabs/sandbox/go-libs/fixtures/init.go:172.2,173.9 2 0
github.com/databrickslabs/sandbox/go-libs/fixtures/init.go:173.9,175.3 1 0
github.com/databrickslabs/sandbox/go-libs/fixtures/init.go:176.2,176.25 1 0
github.com/databrickslabs/sandbox/go-libs/fixtures/init.go:176.25,178.3 1 0
github.com/databrickslabs/sandbox/go-libs/sqlexec/iteration.go:30.65,33.37 3 0
github.com/databrickslabs/sandbox/go-libs/sqlexec/iteration.go:33.37,35.3 1 0
github.com/databrickslabs/sandbox/go-libs/sqlexec/iteration.go:36.2,36.34 1 0
github.com/databrickslabs/sandbox/go-libs/sqlexec/iteration.go:36.34,38.3 1 0
github.com/databrickslabs/sandbox/go-libs/sqlexec/iteration.go:39.2,40.18 2 0
github.com/databrickslabs/sandbox/go-libs/sqlexec/iteration.go:40.18,42.3 1 0
github.com/databrickslabs/sandbox/go-libs/sqlexec/iteration.go:43.2,44.13 2 0
github.com/databrickslabs/sandbox/go-libs/sqlexec/iteration.go:52.71,55.18 3 0
github.com/databrickslabs/sandbox/go-libs/sqlexec/iteration.go:55.18,57.3 1 0
github.com/databrickslabs/sandbox/go-libs/sqlexec/iteration.go:58.2,60.17 3 0
github.com/databrickslabs/sandbox/go-libs/sqlexec/iteration.go:69.46,70.19 1 0
github.com/databrickslabs/sandbox/go-libs/sqlexec/iteration.go:70.19,73.3 2 0
github.com/databrickslabs/sandbox/go-libs/sqlexec/iteration.go:74.2,74.32 1 0
github.com/databrickslabs/sandbox/go-libs/sqlexec/iteration.go:74.32,76.3 1 0
github.com/databrickslabs/sandbox/go-libs/sqlexec/iteration.go:77.2,78.16 2 0
github.com/databrickslabs/sandbox/go-libs/sqlexec/iteration.go:78.16,81.3 2 0
github.com/databrickslabs/sandbox/go-libs/sqlexec/iteration.go:82.2,82.32 1 0
github.com/databrickslabs/sandbox/go-libs/sqlexec/iteration.go:82.32,85.17 3 0
github.com/databrickslabs/sandbox/go-libs/sqlexec/iteration.go:85.17,90.4 4 0
github.com/databrickslabs/sandbox/go-libs/sqlexec/iteration.go:92.2,92.13 1 0
github.com/databrickslabs/sandbox/go-libs/sqlexec/iteration.go:121.84,123.9 2 0
github.com/databrickslabs/sandbox/go-libs/sqlexec/iteration.go:123.9,125.3 1 0
github.com/databrickslabs/sandbox/go-libs/sqlexec/iteration.go:126.2,126.15 1 0
github.com/databrickslabs/sandbox/go-libs/sqlexec/iteration.go:129.88,130.15 1 0
github.com/databrickslabs/sandbox/go-libs/sqlexec/iteration.go:130.15,132.15 2 0
github.com/databrickslabs/sandbox/go-libs/sqlexec/iteration.go:132.15,134.4 1 0
github.com/databrickslabs/sandbox/go-libs/sqlexec/iteration.go:136.2,136.27 1 0
github.com/databrickslabs/sandbox/go-libs/sqlexec/iteration.go:137.15,139.13 2 0
github.com/databrickslabs/sandbox/go-libs/sqlexec/iteration.go:140.62,141.42 1 0
github.com/databrickslabs/sandbox/go-libs/sqlexec/iteration.go:142.18,143.49 1 0
github.com/databrickslabs/sandbox/go-libs/sqlexec/iteration.go:143.49,146.18 3 0
github.com/databrickslabs/sandbox/go-libs/sqlexec/iteration.go:146.18,148.5 1 0
github.com/databrickslabs/sandbox/go-libs/sqlexec/iteration.go:149.4,150.14 2 0
github.com/databrickslabs/sandbox/go-libs/sqlexec/iteration.go:152.3,153.13 2 0
github.com/databrickslabs/sandbox/go-libs/sqlexec/iteration.go:154.15,157.13 3 0
github.com/databrickslabs/sandbox/go-libs/sqlexec/iteration.go:158.10,159.23 1 0
github.com/databrickslabs/sandbox/go-libs/sqlexec/iteration.go:160.36,161.43 1 0
github.com/databrickslabs/sandbox/go-libs/sqlexec/iteration.go:162.34,163.41 1 0
github.com/databrickslabs/sandbox/go-libs/sqlexec/iteration.go:164.37,166.43 1 0
github.com/databrickslabs/sandbox/go-libs/sqlexec/iteration.go:169.2,169.12 1 0
github.com/databrickslabs/sandbox/go-libs/sqlexec/iteration.go:173.60,174.24 1 0
github.com/databrickslabs/sandbox/go-libs/sqlexec/iteration.go:174.24,177.17 3 0
github.com/databrickslabs/sandbox/go-libs/sqlexec/iteration.go:177.17,179.4 1 0
github.com/databrickslabs/sandbox/go-libs/sqlexec/iteration.go:180.3,180.28 1 0
github.com/databrickslabs/sandbox/go-libs/sqlexec/iteration.go:182.2,182.12 1 0
github.com/databrickslabs/sandbox/go-libs/sqlexec/iteration.go:186.60,187.24 1 0
github.com/databrickslabs/sandbox/go-libs/sqlexec/iteration.go:187.24,190.17 3 0
github.com/databrickslabs/sandbox/go-libs/sqlexec/iteration.go:190.17,192.4 1 0
github.com/databrickslabs/sandbox/go-libs/sqlexec/iteration.go:193.3,193.19 1 0
github.com/databrickslabs/sandbox/go-libs/sqlexec/iteration.go:195.2,195.12 1 0
github.com/databrickslabs/sandbox/go-libs/sqlexec/iteration.go:198.87,201.16 3 0
github.com/databrickslabs/sandbox/go-libs/sqlexec/iteration.go:201.16,203.3 1 0
github.com/databrickslabs/sandbox/go-libs/sqlexec/iteration.go:204.2,205.23 2 0
github.com/databrickslabs/sandbox/go-libs/sqlexec/iteration.go:205.23,207.3 1 0
github.com/databrickslabs/sandbox/go-libs/sqlexec/iteration.go:208.2,210.16 3 0
github.com/databrickslabs/sandbox/go-libs/sqlexec/iteration.go:210.16,212.3 1 0
github.com/databrickslabs/sandbox/go-libs/sqlexec/iteration.go:213.2,217.27 2 0
github.com/databrickslabs/sandbox/go-libs/sqlexec/iteration.go:218.14,219.63 1 0
github.com/databrickslabs/sandbox/go-libs/sqlexec/iteration.go:220.17,221.66 1 0
github.com/databrickslabs/sandbox/go-libs/sqlexec/iteration.go:222.18,223.67 1 0
github.com/databrickslabs/sandbox/go-libs/sqlexec/iteration.go:224.14,225.63 1 0
github.com/databrickslabs/sandbox/go-libs/sqlexec/iteration.go:226.10,227.59 1 0
github.com/databrickslabs/sandbox/go-libs/sqlexec/iteration.go:231.85,234.16 3 0
github.com/databrickslabs/sandbox/go-libs/sqlexec/iteration.go:234.16,236.3 1 0
github.com/databrickslabs/sandbox/go-libs/sqlexec/iteration.go:237.2,238.23 2 0
github.com/databrickslabs/sandbox/go-libs/sqlexec/iteration.go:238.23,240.3 1 0
github.com/databrickslabs/sandbox/go-libs/sqlexec/iteration.go:241.2,243.16 3 0
github.com/databrickslabs/sandbox/go-libs/sqlexec/iteration.go:243.16,245.3 1 0
github.com/databrickslabs/sandbox/go-libs/sqlexec/iteration.go:246.2,250.27 2 0
github.com/databrickslabs/sandbox/go-libs/sqlexec/iteration.go:251.26,253.13 2 0
github.com/databrickslabs/sandbox/go-libs/sqlexec/iteration.go:254.23,255.61 1 0
github.com/databrickslabs/sandbox/go-libs/sqlexec/iteration.go:256.27,257.65 1 0
github.com/databrickslabs/sandbox/go-libs/sqlexec/iteration.go:258.23,259.61 1 0
github.com/databrickslabs/sandbox/go-libs/sqlexec/iteration.go:260.10,261.59 1 0
github.com/databrickslabs/sandbox/go-libs/sqlexec/iteration.go:271.49,273.2 1 0
github.com/databrickslabs/sandbox/go-libs/sqlexec/iteration.go:275.39,277.2 1 0
github.com/databrickslabs/sandbox/go-libs/sqlexec/iteration.go:279.61,281.2 1 0
github.com/databrickslabs/sandbox/go-libs/sqlexec/iteration.go:283.71,285.2 1 0
github.com/databrickslabs/sandbox/go-libs/sqlexec/sqlexec.go:25.73,31.2 1 0
github.com/databrickslabs/sandbox/go-libs/sqlexec/sqlexec.go:42.82,43.136 1 0
github.com/databrickslabs/sandbox/go-libs/sqlexec/sqlexec.go:43.136,45.3 1 0
github.com/databrickslabs/sandbox/go-libs/sqlexec/sqlexec.go:46.2,47.24 2 0
github.com/databrickslabs/sandbox/go-libs/sqlexec/sqlexec.go:47.24,49.3 1 0
github.com/databrickslabs/sandbox/go-libs/sqlexec/sqlexec.go:50.2,51.24 2 0
github.com/databrickslabs/sandbox/go-libs/sqlexec/sqlexec.go:51.24,53.3 1 0
github.com/databrickslabs/sandbox/go-libs/sqlexec/sqlexec.go:54.2,54.56 1 0
github.com/databrickslabs/sandbox/go-libs/sqlexec/sqlexec.go:54.56,56.3 1 0
github.com/databrickslabs/sandbox/go-libs/sqlexec/sqlexec.go:57.2,57.63 1 0
github.com/databrickslabs/sandbox/go-libs/sqlexec/sqlexec.go:57.63,59.3 1 0
github.com/databrickslabs/sandbox/go-libs/sqlexec/sqlexec.go:60.2,60.54 1 0
github.com/databrickslabs/sandbox/go-libs/sqlexec/sqlexec.go:60.54,62.3 1 0
github.com/databrickslabs/sandbox/go-libs/sqlexec/sqlexec.go:63.2,63.54 1 0
github.com/databrickslabs/sandbox/go-libs/sqlexec/sqlexec.go:63.54,65.3 1 0
github.com/databrickslabs/sandbox/go-libs/sqlexec/sqlexec.go:66.2,79.8 3 0
github.com/databrickslabs/sandbox/go-libs/sqlexec/sqlexec.go:79.8,81.3 1 0
github.com/databrickslabs/sandbox/go-libs/sqlexec/sqlexec.go:82.2,82.33 1 0
github.com/databrickslabs/sandbox/go-libs/sqlexec/sqlexec.go:94.96,97.25 3 0
github.com/databrickslabs/sandbox/go-libs/sqlexec/sqlexec.go:97.25,99.3 1 0
github.com/databrickslabs/sandbox/go-libs/sqlexec/sqlexec.go:100.2,101.16 2 0
github.com/databrickslabs/sandbox/go-libs/sqlexec/sqlexec.go:101.16,103.3 1 0
github.com/databrickslabs/sandbox/go-libs/sqlexec/sqlexec.go:104.2,105.31 2 0
github.com/databrickslabs/sandbox/go-libs/sqlexec/sqlexec.go:105.31,106.18 1 0
github.com/databrickslabs/sandbox/go-libs/sqlexec/sqlexec.go:107.44,108.12 1 0
github.com/databrickslabs/sandbox/go-libs/sqlexec/sqlexec.go:109.25,112.29 2 0
github.com/databrickslabs/sandbox/go-libs/sqlexec/sqlexec.go:113.11,114.27 1 0
github.com/databrickslabs/sandbox/go-libs/sqlexec/sqlexec.go:117.2,117.41 1 0
github.com/databrickslabs/sandbox/go-libs/sqlexec/sqlexec.go:117.41,121.3 2 0
github.com/databrickslabs/sandbox/go-libs/sqlexec/sqlexec.go:122.2,122.48 1 0
github.com/databrickslabs/sandbox/go-libs/sqlexec/sqlexec.go:126.130,127.27 1 0
github.com/databrickslabs/sandbox/go-libs/sqlexec/sqlexec.go:127.27,129.3 1 0
github.com/databrickslabs/sandbox/go-libs/sqlexec/sqlexec.go:130.2,130.27 1 0
github.com/databrickslabs/sandbox/go-libs/sqlexec/sqlexec.go:130.27,132.17 2 0
github.com/databrickslabs/sandbox/go-libs/sqlexec/sqlexec.go:132.17,134.4 1 0
github.com/databrickslabs/sandbox/go-libs/sqlexec/sqlexec.go:135.3,135.32 1 0
github.com/databrickslabs/sandbox/go-libs/sqlexec/sqlexec.go:137.2,137.22 1 0
github.com/databrickslabs/sandbox/go-libs/sqlexec/sqlexec.go:137.22,139.3 1 0
github.com/databrickslabs/sandbox/go-libs/sqlexec/sqlexec.go:140.2,141.96 2 0
github.com/databrickslabs/sandbox/go-libs/sqlexec/sqlexec.go:141.96,143.3 1 0
github.com/databrickslabs/sandbox/go-libs/sqlexec/sqlexec.go:144.2,154.16 3 0
github.com/databrickslabs/sandbox/go-libs/sqlexec/sqlexec.go:154.16,156.3 1 0
github.com/databrickslabs/sandbox/go-libs/sqlexec/sqlexec.go:157.2,158.19 2 0
github.com/databrickslabs/sandbox/go-libs/sqlexec/sqlexec.go:158.19,160.3 1 0
github.com/databrickslabs/sandbox/go-libs/sqlexec/sqlexec.go:161.2,161.49 1 0
github.com/databrickslabs/sandbox/go-libs/sqlexec/sqlexec.go:161.49,163.3 1 0
github.com/databrickslabs/sandbox/go-libs/sqlexec/sqlexec.go:164.2,164.48 1 0
github.com/databrickslabs/sandbox/go-libs/sqlexec/sqlexec.go:164.48,166.3 1 0
github.com/databrickslabs/sandbox/go-libs/sqlexec/sqlexec.go:167.2,171.34 5 0
github.com/databrickslabs/sandbox/go-libs/sqlexec/sqlexec.go:171.34,173.17 2 0
github.com/databrickslabs/sandbox/go-libs/sqlexec/sqlexec.go:173.17,175.4 1 0
github.com/databrickslabs/sandbox/go-libs/sqlexec/sqlexec.go:176.3,177.26 2 0
github.com/databrickslabs/sandbox/go-libs/sqlexec/sqlexec.go:177.26,179.4 1 0
github.com/databrickslabs/sandbox/go-libs/sqlexec/sqlexec.go:180.3,181.18 2 0
github.com/databrickslabs/sandbox/go-libs/sqlexec/sqlexec.go:181.18,183.4 1 0
github.com/databrickslabs/sandbox/go-libs/sqlexec/sqlexec.go:184.3,184.43 1 0
github.com/databrickslabs/sandbox/go-libs/sqlexec/sqlexec.go:184.43,191.4 1 0
github.com/databrickslabs/sandbox/go-libs/sqlexec/sqlexec.go:192.3,193.55 2 0
github.com/databrickslabs/sandbox/go-libs/sqlexec/sqlexec.go:193.55,195.4 1 0
github.com/databrickslabs/sandbox/go-libs/sqlexec/sqlexec.go:196.3,197.33 2 0
github.com/databrickslabs/sandbox/go-libs/sqlexec/sqlexec.go:197.33,200.4 1 0
github.com/databrickslabs/sandbox/go-libs/sqlexec/sqlexec.go:201.3,204.12 3 0
github.com/databrickslabs/sandbox/go-libs/sqlexec/sqlexec.go:206.2,209.16 2 0
github.com/databrickslabs/sandbox/go-libs/sqlexec/sqlexec.go:209.16,211.3 1 0
github.com/databrickslabs/sandbox/go-libs/sqlexec/sqlexec.go:212.2,212.78 1 0
github.com/databrickslabs/sandbox/go-libs/sqlexec/sqlexec.go:216.109,218.16 2 0
github.com/databrickslabs/sandbox/go-libs/sqlexec/sqlexec.go:218.16,220.3 1 0
github.com/databrickslabs/sandbox/go-libs/sqlexec/sqlexec.go:221.2,222.21 2 0
github.com/databrickslabs/sandbox/go-libs/sqlexec/sqlexec.go:222.21,224.3 1 0
github.com/databrickslabs/sandbox/go-libs/sqlexec/sqlexec.go:225.2,226.27 2 0
github.com/databrickslabs/sandbox/go-libs/sqlexec/sqlexec.go:226.27,228.3 1 0
github.com/databrickslabs/sandbox/go-libs/sqlexec/sqlexec.go:229.2,241.8 2 0
github.com/databrickslabs/sandbox/go-libs/sqlexec/sqlexec.go:245.99,249.2 1 0
github.com/databrickslabs/sandbox/go-libs/sqlexec/sqlexec.go:252.121,254.2 1 0
github.com/databrickslabs/sandbox/go-libs/sqlexec/sqlexec.go:257.79,262.2 2 0
github.com/databrickslabs/sandbox/go-libs/sqlexec/sqlexec.go:265.101,267.2 1 0
